<?xml version="1.0" encoding="UTF-8"?>
<!-- Generated by org.testng.reporters.JUnitXMLReporter -->
<testsuite hostname="THALAIVAA" ignored="0" name="Test" tests="1" failures="1" timestamp="16 Dec 2021 00:24:34 GMT" time="18.16" errors="0">
  <testcase name="test" time="5.959" classname="org.data.provider.Screenshot">
    <failure type="java.lang.AssertionError" message="expected [true] but found [false]">
      <![CDATA[java.lang.AssertionError: expected [true] but found [false]
at org.data.provider.Screenshot.test(Screenshot.java:29)
... Removed 29 stack frames]]>
    </failure>
  </testcase> <!-- test -->
</testsuite> <!-- Test -->
